<testsuites name="jest tests" tests="0" failures="0" time="20.848">
</testsuites>